<?xml version="1.0" encoding="UTF-8"?>
<testng-results skipped="0" failed="0" ignored="0" total="1" passed="1">
  <reporter-output>
  </reporter-output>
  <suite name="listener suite" duration-ms="173" started-at="2020-07-28T02:25:11Z" finished-at="2020-07-28T02:25:11Z">
    <groups>
    </groups>
    <test name="listner test" duration-ms="173" started-at="2020-07-28T02:25:11Z" finished-at="2020-07-28T02:25:11Z">
      <class name="testNG.SampleTestCase">
        <test-method status="PASS" signature="testcase1()[pri:0, instance:testNG.SampleTestCase@5f375618]" name="testcase1" duration-ms="66" started-at="2020-07-28T02:25:11Z" finished-at="2020-07-28T02:25:11Z">
          <reporter-output>
          </reporter-output>
        </test-method> <!-- testcase1 -->
      </class> <!-- testNG.SampleTestCase -->
    </test> <!-- listner test -->
  </suite> <!-- listener suite -->
</testng-results>
