<?xml version="1.0" encoding="UTF-8"?>
<!-- Generated by org.testng.reporters.JUnitXMLReporter -->
<testsuite hostname="Mahesh" ignored="4" name="test name" tests="4" failures="0" timestamp="26 Jul 2020 03:32:24 GMT" time="0.187" errors="0">
  <testcase name="moto1" time="0.043" classname="testNG.Grouping"/>
  <testcase name="moto2" time="0.007" classname="testNG.Grouping"/>
  <testcase name="vivo1" time="0.01" classname="testNG.Grouping"/>
  <testcase name="vivo2" time="0.008" classname="testNG.Grouping"/>
  <testcase name="lenevo2" time="0.0" classname="testNG.Grouping">
    <ignored/>
  </testcase> <!-- lenevo2 -->
  <testcase name="apple2" time="0.0" classname="testNG.Grouping">
    <ignored/>
  </testcase> <!-- apple2 -->
  <testcase name="lenevo1" time="0.0" classname="testNG.Grouping">
    <ignored/>
  </testcase> <!-- lenevo1 -->
  <testcase name="apple1" time="0.0" classname="testNG.Grouping">
    <ignored/>
  </testcase> <!-- apple1 -->
</testsuite> <!-- test name -->
