<?xml version="1.0" encoding="UTF-8"?>
<!-- Generated by org.testng.reporters.JUnitXMLReporter -->
<testsuite hostname="Mahesh" ignored="0" name="testname" tests="4" failures="0" timestamp="26 Jul 2020 02:52:08 GMT" time="5.147" errors="0">
  <testcase name="opengoogle" time="2.719" classname="testNG.DependancyManagementTest"/>
  <testcase name="SSLC" time="0.008" classname="testNG.DependencyManagement"/>
  <testcase name="testcase1" time="0.004" classname="testNG.SampleTest"/>
  <testcase name="opengoogle" time="2.356" classname="testNG.TestSuite"/>
</testsuite> <!-- testname -->
